{
  "RSpec": {
    "coverage": {
      "/home/jose-almeida/Projetos/processo-rd/server/app/models/visitation.rb": [
        null,
        null,
        null,
        null,
        null,
        null,
        null,
        null,
        null,
        null,
        null,
        1,
        1,
        1,
        null,
        1,
        null,
        1,
        1,
        null
      ],
      "/home/jose-almeida/Projetos/processo-rd/server/app/models/api_key.rb": [
        null,
        null,
        null,
        null,
        null,
        null,
        null,
        null,
        null,
        null,
        1,
        1,
        null,
        1,
        null,
        1,
        null,
        1,
        1,
        6,
        null,
        6,
        6,
        6,
        null,
        null,
        null
      ],
      "/home/jose-almeida/Projetos/processo-rd/server/app/models/visitor.rb": [
        null,
        null,
        null,
        null,
        null,
        null,
        null,
        null,
        null,
        null,
        1,
        1,
        1,
        null,
        1,
        null,
        1,
        null
      ],
      "/home/jose-almeida/Projetos/processo-rd/server/app/helpers/application_helper.rb": [
        1,
        1,
        2,
        null,
        0,
        null,
        0,
        null,
        0,
        null,
        0,
        null,
        2,
        null,
        0,
        null,
        null,
        null,
        1,
        2,
        null,
        2,
        2,
        2,
        null,
        null,
        2,
        null,
        null,
        null,
        1,
        2,
        2,
        2,
        null,
        null,
        2,
        2,
        null,
        null,
        null,
        null,
        1,
        1,
        1,
        1,
        null,
        null,
        1,
        1,
        null,
        null,
        null,
        null,
        1,
        2,
        2,
        2,
        2,
        null,
        null,
        2,
        2,
        null,
        null,
        null,
        null,
        null,
        1,
        2,
        null,
        2,
        2,
        2,
        2,
        2,
        2,
        null,
        2,
        2,
        null,
        2,
        2,
        2,
        null,
        null,
        null,
        0,
        null,
        null,
        null,
        1,
        2,
        2,
        null,
        null,
        null,
        1,
        2,
        2,
        null,
        null,
        1,
        2,
        null,
        null,
        null,
        1,
        2,
        null,
        null,
        null,
        1,
        2,
        2,
        null,
        2,
        2,
        2,
        null,
        null,
        null,
        2,
        null,
        null,
        null
      ],
      "/home/jose-almeida/Projetos/processo-rd/server/app/helpers/visitations_helper.rb": [
        null,
        1,
        1,
        1,
        1,
        1,
        1,
        1,
        null,
        null,
        null,
        null
      ],
      "/home/jose-almeida/Projetos/processo-rd/server/app/helpers/visitators_helper.rb": [
        null,
        1,
        1,
        1,
        1,
        1,
        1,
        1,
        null,
        1,
        1,
        null,
        null,
        null,
        null,
        null
      ],
      "/home/jose-almeida/Projetos/processo-rd/server/app/controllers/visitations_controller.rb": [
        1,
        null,
        1,
        1,
        null,
        null,
        null,
        1,
        3,
        3,
        null,
        2,
        4,
        2,
        2,
        null,
        null,
        null
      ],
      "/home/jose-almeida/Projetos/processo-rd/server/app/controllers/application_controller.rb": [
        1,
        null,
        null,
        1,
        1,
        null
      ],
      "/home/jose-almeida/Projetos/processo-rd/server/app/controllers/visitors_controller.rb": [
        1,
        1,
        1,
        null,
        1,
        null,
        null,
        null,
        1,
        2,
        null,
        null,
        null,
        null,
        2,
        4,
        2,
        2,
        null,
        null,
        null,
        null,
        null,
        1,
        2,
        2,
        2,
        null,
        null,
        null,
        null,
        null,
        1,
        4,
        null,
        4,
        5,
        null,
        null,
        null,
        null,
        null,
        1,
        2,
        4,
        null,
        null,
        null,
        1,
        null,
        1,
        7,
        null,
        null,
        1,
        null,
        6,
        null,
        null,
        1,
        10,
        null,
        4,
        4,
        8,
        null,
        null,
        null
      ],
      "/home/jose-almeida/Projetos/processo-rd/server/app/serializers/visitation_serializer.rb": [
        0,
        0,
        0,
        0,
        0,
        0,
        0,
        0,
        0,
        0,
        0,
        0,
        0,
        0
      ],
      "/home/jose-almeida/Projetos/processo-rd/server/app/serializers/visitor_serializer.rb": [
        0,
        0,
        0,
        0,
        0,
        0,
        0,
        0,
        0,
        0,
        0,
        0,
        0
      ],
      "/home/jose-almeida/Projetos/processo-rd/server/app/serializers/api_key_serializer.rb": [
        0,
        0,
        0,
        0,
        0,
        0,
        0,
        0,
        0,
        0,
        0,
        0,
        0
      ]
    },
    "timestamp": 1468165145
  }
}
